<?xml version="1.0" encoding="UTF-8"?>
<!-- Generated by org.testng.reporters.JUnitReportReporter -->
<testsuite hostname="aahana" failures="0" tests="1" name="amazon_project.scrape" time="119.911" errors="0" timestamp="2024-01-29T11:33:55 IST" skipped="0">
  <testcase classname="amazon_project.scrape" name="main" time="119.911"/>
  <system-out/>
</testsuite> <!-- amazon_project.scrape -->
