<?xml version="1.0" encoding="UTF-8"?>
<!-- Generated by org.testng.reporters.JUnitReportReporter -->
<testsuite hostname="aahana" failures="0" tests="1" name="amazon_project.asss" time="58.715" errors="0" timestamp="2024-02-07T12:40:39 IST" skipped="0">
  <testcase classname="amazon_project.asss" name="t1" time="58.715"/>
  <system-out/>
</testsuite> <!-- amazon_project.asss -->
